[debug] [2026-06-10T17:59:35.012Z] ----------------------------------------------------------------------
[debug] [2026-06-10T17:59:35.017Z] Command:       C:\Program Files\nodejs\node.exe C:\Users\jaill\AppData\Roaming\npm\node_modules\firebase-tools\lib\bin\firebase.js deploy --only hosting
[debug] [2026-06-10T17:59:35.017Z] CLI Version:   15.15.0
[debug] [2026-06-10T17:59:35.017Z] Platform:      win32
[debug] [2026-06-10T17:59:35.018Z] Node Version:  v24.13.0
[debug] [2026-06-10T17:59:35.018Z] Time:          Wed Jun 10 2026 19:59:35 GMT+0200 (hora de verano de Europa central)
[debug] [2026-06-10T17:59:35.018Z] ----------------------------------------------------------------------
[debug] 
[debug] [2026-06-10T17:59:35.021Z] >>> [apiv2][query] GET https://firebase-public.firebaseio.com/cli.json [none]
[debug] [2026-06-10T17:59:41.376Z] > command requires scopes: ["email","openid","https://www.googleapis.com/auth/cloudplatformprojects.readonly","https://www.googleapis.com/auth/firebase","https://www.googleapis.com/auth/cloud-platform"]
[debug] [2026-06-10T17:59:41.376Z] > authorizing via signed-in user (jaillueca@gmail.com)
[debug] [2026-06-10T17:59:41.376Z] [iam] checking project verdantia-494121 for permissions ["firebase.projects.get","firebasehosting.sites.update"]
[debug] [2026-06-10T17:59:41.378Z] Checked if tokens are valid: false, expires at: 1781098995159
[debug] [2026-06-10T17:59:41.378Z] Checked if tokens are valid: false, expires at: 1781098995159
[debug] [2026-06-10T17:59:41.378Z] > refreshing access token with scopes: []
[debug] [2026-06-10T17:59:41.380Z] >>> [apiv2][query] POST https://www.googleapis.com/oauth2/v3/token [none]
[debug] [2026-06-10T17:59:41.382Z] >>> [apiv2][body] POST https://www.googleapis.com/oauth2/v3/token [omitted]
[debug] [2026-06-10T17:59:41.585Z] <<< [apiv2][status] POST https://www.googleapis.com/oauth2/v3/token 200
[debug] [2026-06-10T17:59:41.586Z] <<< [apiv2][body] POST https://www.googleapis.com/oauth2/v3/token [omitted]
[debug] [2026-06-10T17:59:41.598Z] >>> [apiv2][query] POST https://cloudresourcemanager.googleapis.com/v1/projects/verdantia-494121:testIamPermissions [none]
[debug] [2026-06-10T17:59:41.598Z] >>> [apiv2][(partial)header] POST https://cloudresourcemanager.googleapis.com/v1/projects/verdantia-494121:testIamPermissions  x-goog-user-project=verdantia-494121
[debug] [2026-06-10T17:59:41.598Z] >>> [apiv2][body] POST https://cloudresourcemanager.googleapis.com/v1/projects/verdantia-494121:testIamPermissions {"permissions":["firebase.projects.get","firebasehosting.sites.update"]}
[debug] [2026-06-10T17:59:41.783Z] <<< [apiv2][status] GET https://firebase-public.firebaseio.com/cli.json 200
[debug] [2026-06-10T17:59:41.783Z] <<< [apiv2][body] GET https://firebase-public.firebaseio.com/cli.json {"cloudBuildErrorAfter":1594252800000,"cloudBuildWarnAfter":1590019200000,"defaultNode10After":1594252800000,"minVersion":"3.0.5","node8DeploysDisabledAfter":1613390400000,"node8RuntimeDisabledAfter":1615809600000,"node8WarnAfter":1600128000000}
[debug] [2026-06-10T17:59:42.482Z] <<< [apiv2][status] POST https://cloudresourcemanager.googleapis.com/v1/projects/verdantia-494121:testIamPermissions 200
[debug] [2026-06-10T17:59:42.483Z] <<< [apiv2][body] POST https://cloudresourcemanager.googleapis.com/v1/projects/verdantia-494121:testIamPermissions {"permissions":["firebase.projects.get","firebasehosting.sites.update"]}
[debug] [2026-06-10T17:59:42.484Z] Checked if tokens are valid: true, expires at: 1781117980587
[debug] [2026-06-10T17:59:42.485Z] Checked if tokens are valid: true, expires at: 1781117980587
[debug] [2026-06-10T17:59:42.485Z] >>> [apiv2][query] GET https://firebase.googleapis.com/v1beta1/projects/verdantia-494121 [none]
[debug] [2026-06-10T17:59:43.019Z] <<< [apiv2][status] GET https://firebase.googleapis.com/v1beta1/projects/verdantia-494121 200
[debug] [2026-06-10T17:59:43.019Z] <<< [apiv2][body] GET https://firebase.googleapis.com/v1beta1/projects/verdantia-494121 {"projectId":"verdantia-494121","projectNumber":"681399764298","displayName":"Verdantia","name":"projects/verdantia-494121","resources":{"hostingSite":"verdantia-494121"},"state":"ACTIVE","etag":"1_ea5b7cf0-ba50-45ee-9815-ef1923457f89"}
[debug] [2026-06-10T17:59:49.643Z] defaultcredentials: writing to file C:\Users\jaill\AppData\Roaming\firebase\jaillueca_gmail_com_application_default_credentials.json
[debug] [2026-06-10T17:59:49.680Z] Checked if tokens are valid: true, expires at: 1781117980587
[debug] [2026-06-10T17:59:49.680Z] Checked if tokens are valid: true, expires at: 1781117980587
[debug] [2026-06-10T17:59:49.680Z] >>> [apiv2][query] GET https://firebasehosting.googleapis.com/v1beta1/projects/verdantia-494121/sites pageToken=&pageSize=10
[debug] [2026-06-10T17:59:51.058Z] <<< [apiv2][status] GET https://firebasehosting.googleapis.com/v1beta1/projects/verdantia-494121/sites 200
[debug] [2026-06-10T17:59:51.058Z] <<< [apiv2][body] GET https://firebasehosting.googleapis.com/v1beta1/projects/verdantia-494121/sites {"sites":[{"name":"projects/verdantia-494121/sites/verdantia-494121","defaultUrl":"https://verdantia-494121.web.app","type":"DEFAULT_SITE"}]}
[debug] [2026-06-10T17:59:51.059Z] Checked if tokens are valid: true, expires at: 1781117980587
[debug] [2026-06-10T17:59:51.059Z] Checked if tokens are valid: true, expires at: 1781117980587
[debug] [2026-06-10T17:59:51.059Z] >>> [apiv2][query] GET https://firebasehosting.googleapis.com/v1beta1/projects/verdantia-494121/sites 
[debug] [2026-06-10T17:59:52.081Z] <<< [apiv2][status] GET https://firebasehosting.googleapis.com/v1beta1/projects/verdantia-494121/sites 200
[debug] [2026-06-10T17:59:52.081Z] <<< [apiv2][body] GET https://firebasehosting.googleapis.com/v1beta1/projects/verdantia-494121/sites {"sites":[{"name":"projects/verdantia-494121/sites/verdantia-494121","defaultUrl":"https://verdantia-494121.web.app","type":"DEFAULT_SITE"}]}
[debug] [2026-06-10T17:59:52.082Z] Checked if tokens are valid: true, expires at: 1781117980587
[debug] [2026-06-10T17:59:52.082Z] Checked if tokens are valid: true, expires at: 1781117980587
[debug] [2026-06-10T17:59:52.082Z] >>> [apiv2][query] GET https://firebase.googleapis.com/v1beta1/projects/verdantia-494121/webApps/-/config [none]
[debug] [2026-06-10T17:59:52.831Z] <<< [apiv2][status] GET https://firebase.googleapis.com/v1beta1/projects/verdantia-494121/webApps/-/config 200
[debug] [2026-06-10T17:59:52.831Z] <<< [apiv2][body] GET https://firebase.googleapis.com/v1beta1/projects/verdantia-494121/webApps/-/config {"projectId":"verdantia-494121","appId":"1:681399764298:web:906003ed8edb43cee2edb3","storageBucket":"verdantia-494121.firebasestorage.app","apiKey":"AIzaSyBq3yOKLmVHoZEoYCbUyTlpOGxXNaIyAm8","authDomain":"verdantia-494121.firebaseapp.com","messagingSenderId":"681399764298","measurementId":"G-3TQQKR3MCG","projectNumber":"681399764298","version":"2"}
[info] 
   Thank you for trying our early preview of Next.js support on Firebase Hosting.
   During the preview, support is best-effort and breaking changes can be expected. Proceed with caution.
   The integration is known to work with Next.js version 12 - 15.0. You may encounter errors.

   Documentation: https://firebase.google.com/docs/hosting/frameworks/nextjs
   File a bug: https://github.com/firebase/firebase-tools/issues/new?template=bug_report.md
   Submit a feature request: https://github.com/firebase/firebase-tools/issues/new?template=feature_request.md

   We'd love to learn from you. Express your interest in helping us shape the future of Firebase Hosting: https://goo.gle/41enW5X

[debug] [2026-06-10T18:00:04.465Z] Checked if tokens are valid: true, expires at: 1781117980587
[debug] [2026-06-10T18:00:04.465Z] Checked if tokens are valid: true, expires at: 1781117980587
[debug] [2026-06-10T18:00:04.465Z] >>> [apiv2][query] GET https://firebasehosting.googleapis.com/v1beta1/projects/verdantia-494121/sites/verdantia-494121 [none]
[debug] [2026-06-10T18:00:05.763Z] <<< [apiv2][status] GET https://firebasehosting.googleapis.com/v1beta1/projects/verdantia-494121/sites/verdantia-494121 200
[debug] [2026-06-10T18:00:05.763Z] <<< [apiv2][body] GET https://firebasehosting.googleapis.com/v1beta1/projects/verdantia-494121/sites/verdantia-494121 {"name":"projects/verdantia-494121/sites/verdantia-494121","defaultUrl":"https://verdantia-494121.web.app","type":"DEFAULT_SITE"}
[info] ⨯ Another next build process is already running.

[info] 

[info]   This could be:

[info]   - A next build still in progress

[info]   - A previous build that didn't exit cleanly

[info] 

[info]   Suggestion: Wait for the build to complete.

[debug] [2026-06-10T18:00:09.820Z] Error: ENOENT: no such file or directory, open 'C:\Users\jaill\Documents\VERDANTIA\.next\export-marker.json'
[error] 
[error] Error: An unexpected error has occurred.
